<testsuite name="B-SAFE" tests="10" failures="0"><testcase classname="B-SAFE.pipeline" name="DISCOVER" /><testcase classname="B-SAFE.pipeline" name="MODEL" /><testcase classname="B-SAFE.pipeline" name="GENERATE" /><testcase classname="B-SAFE.pipeline" name="EXECUTE" /><testcase classname="B-SAFE.pipeline" name="OBSERVE" /><testcase classname="B-SAFE.pipeline" name="VERIFY" /><testcase classname="B-SAFE.pipeline" name="ATTACK" /><testcase classname="B-SAFE.pipeline" name="RECONCILE" /><testcase classname="B-SAFE.pipeline" name="ANALYZE" /><testcase classname="B-SAFE.pipeline" name="REPORT" /></testsuite>