{"numTotalTestSuites":6,"numPassedTestSuites":6,"numFailedTestSuites":0,"numPendingTestSuites":0,"numTotalTests":5,"numPassedTests":5,"numFailedTests":0,"numPendingTests":0,"numTodoTests":0,"snapshot":{"added":0,"failure":false,"filesAdded":0,"filesRemoved":0,"filesRemovedList":[],"filesUnmatched":0,"filesUpdated":0,"matched":0,"total":0,"unchecked":0,"uncheckedKeysByFile":[],"unmatched":0,"updated":0,"didUpdate":false},"startTime":1787075221137,"success":true,"testResults":[{"assertionResults":[{"ancestorTitles":["ERC-1155 and upgradeable proxy fixtures"],"fullName":"ERC-1155 and upgradeable proxy fixtures runs ERC-1155 mint, batch mint, transfer, and event lifecycle","status":"passed","title":"runs ERC-1155 mint, batch mint, transfer, and event lifecycle","duration":134.97573799999986,"failureMessages":[],"meta":{}},{"ancestorTitles":["ERC-1155 and upgradeable proxy fixtures"],"fullName":"ERC-1155 and upgradeable proxy fixtures preserves proxy state across implementation upgrade","status":"passed","title":"preserves proxy state across implementation upgrade","duration":1604.6822470000002,"failureMessages":[],"meta":{}}],"startTime":1787075222607,"endTime":1787075224346.6821,"status":"passed","message":"","name":"/home/ubuntu/bsafe-framework/automation/tests/erc1155-proxy.integration.test.ts"},{"assertionResults":[{"ancestorTitles":["controlled local EVM network"],"fullName":"controlled local EVM network observes the local chain and confirms a realistic transaction","status":"passed","title":"observes the local chain and confirms a realistic transaction","duration":207.7914760000001,"failureMessages":[],"meta":{}}],"startTime":1787075222308,"endTime":1787075222515.7915,"status":"passed","message":"","name":"/home/ubuntu/bsafe-framework/automation/tests/evm.integration.test.ts"},{"assertionResults":[{"ancestorTitles":["controlled token lifecycle fixtures"],"fullName":"controlled token lifecycle fixtures deploys and reconciles an ERC-20 mint and transfer lifecycle","status":"passed","title":"deploys and reconciles an ERC-20 mint and transfer lifecycle","duration":163.61972400000013,"failureMessages":[],"meta":{}},{"ancestorTitles":["controlled token lifecycle fixtures"],"fullName":"controlled token lifecycle fixtures deploys and reconciles an ERC-721 mint, approval, and ownership transfer","status":"passed","title":"deploys and reconciles an ERC-721 mint, approval, and ownership transfer","duration":48.84700299999986,"failureMessages":[],"meta":{}}],"startTime":1787075222277,"endTime":1787075222489.847,"status":"passed","message":"","name":"/home/ubuntu/bsafe-framework/automation/tests/token-lifecycle.integration.test.ts"}]}